<?xml version="1.0" encoding="UTF-8"?>
<!-- Generated by org.testng.reporters.JUnitReportReporter -->
<testsuite hostname="Prawin-Pc" failures="0" tests="3" name="runner.LoginTester" time="24.256" errors="0" timestamp="2025-03-16T18:32:05 IST" skipped="0">
  <testcase classname="runner.LoginTester" name="runScenario" time="9.908"/>
  <system-out/>
  <testcase classname="runner.LoginTester" name="runScenario" time="7.417"/>
  <system-out/>
  <testcase classname="runner.LoginTester" name="runScenario" time="6.931"/>
  <system-out/>
</testsuite> <!-- runner.LoginTester -->
